Using pre-set license
Built from '2021.3/staging' branch; Version is '2021.3.30f1 (b4360d7cdac4) revision 11810317'; Using compiler version '192829333'; Build Type 'Release'
OS: 'Windows 11  (10.0.22621) 64bit Core' Language: 'zh' Physical Memory: 40781 MB
BatchMode: 1, IsHumanControllingUs: 0, StartBugReporterOnCrash: 0, Is64bit: 1, IsPro: 1

COMMAND LINE ARGUMENTS:
C:\Program Files\Unity\Hub\Editor\2021.3.30f1\Editor\Unity.exe
-adb2
-batchMode
-noUpm
-name
AssetImportWorker2
-projectPath
C:/Users/jimmy/UnityProject/User-Interface/User Interface
-logFile
Logs/AssetImportWorker2.log
-srvPort
64061
Successfully changed project path to: C:/Users/jimmy/UnityProject/User-Interface/User Interface
C:/Users/jimmy/UnityProject/User-Interface/User Interface
[UnityMemory] Configuration Parameters - Can be set up in boot.config
    "memorysetup-bucket-allocator-granularity=16"
    "memorysetup-bucket-allocator-bucket-count=8"
    "memorysetup-bucket-allocator-block-size=33554432"
    "memorysetup-bucket-allocator-block-count=8"
    "memorysetup-main-allocator-block-size=16777216"
    "memorysetup-thread-allocator-block-size=16777216"
    "memorysetup-gfx-main-allocator-block-size=16777216"
    "memorysetup-gfx-thread-allocator-block-size=16777216"
    "memorysetup-cache-allocator-block-size=4194304"
    "memorysetup-typetree-allocator-block-size=2097152"
    "memorysetup-profiler-bucket-allocator-granularity=16"
    "memorysetup-profiler-bucket-allocator-bucket-count=8"
    "memorysetup-profiler-bucket-allocator-block-size=33554432"
    "memorysetup-profiler-bucket-allocator-block-count=8"
    "memorysetup-profiler-allocator-block-size=16777216"
    "memorysetup-profiler-editor-allocator-block-size=1048576"
    "memorysetup-temp-allocator-size-main=16777216"
    "memorysetup-job-temp-allocator-block-size=2097152"
    "memorysetup-job-temp-allocator-block-size-background=1048576"
    "memorysetup-job-temp-allocator-reduction-small-platforms=262144"
    "memorysetup-temp-allocator-size-background-worker=32768"
    "memorysetup-temp-allocator-size-job-worker=262144"
    "memorysetup-temp-allocator-size-preload-manager=33554432"
    "memorysetup-temp-allocator-size-nav-mesh-worker=65536"
    "memorysetup-temp-allocator-size-audio-worker=65536"
    "memorysetup-temp-allocator-size-cloud-worker=32768"
    "memorysetup-temp-allocator-size-gi-baking-worker=262144"
    "memorysetup-temp-allocator-size-gfx=262144"
Player connection [8512] Host "[IP] 192.168.195.225 [Port] 0 [Flags] 2 [Guid] 859052668 [EditorId] 859052668 [Version] 1048832 [Id] WindowsEditor(7,MSI) [Debug] 1 [PackageName] WindowsEditor [ProjectName] Editor" joined multi-casting on [225.0.0.222:54997]...

Player connection [8512] Host "[IP] 192.168.195.225 [Port] 0 [Flags] 2 [Guid] 859052668 [EditorId] 859052668 [Version] 1048832 [Id] WindowsEditor(7,MSI) [Debug] 1 [PackageName] WindowsEditor [ProjectName] Editor" joined alternative multi-casting on [225.0.0.222:34997]...

[Physics::Module] Initialized MultithreadedJobDispatcher with {0} workers.
Refreshing native plugins compatible for Editor in 67.48 ms, found 3 plugins.
Preloading 0 native plugins for Editor in 0.00 ms.
Initialize engine version: 2021.3.30f1 (b4360d7cdac4)
[Subsystems] Discovering subsystems at path C:/Program Files/Unity/Hub/Editor/2021.3.30f1/Editor/Data/Resources/UnitySubsystems
[Subsystems] Discovering subsystems at path C:/Users/jimmy/UnityProject/User-Interface/User Interface/Assets
GfxDevice: creating device client; threaded=0; jobified=0
Direct3D:
    Version:  Direct3D 11.0 [level 11.1]
    Renderer: NVIDIA GeForce RTX 3060 Laptop GPU (ID=0x2520)
    Vendor:   NVIDIA
    VRAM:     6009 MB
    Driver:   31.0.15.3742
Initialize mono
Mono path[0] = 'C:/Program Files/Unity/Hub/Editor/2021.3.30f1/Editor/Data/Managed'
Mono path[1] = 'C:/Program Files/Unity/Hub/Editor/2021.3.30f1/Editor/Data/MonoBleedingEdge/lib/mono/unityjit-win32'
Mono config path = 'C:/Program Files/Unity/Hub/Editor/2021.3.30f1/Editor/Data/MonoBleedingEdge/etc'
Using monoOptions --debugger-agent=transport=dt_socket,embedding=1,server=y,suspend=n,address=127.0.0.1:56660
Begin MonoManager ReloadAssembly
Registering precompiled unity dll's ...
Register platform support module: C:/Program Files/Unity/Hub/Editor/2021.3.30f1/Editor/Data/PlaybackEngines/WindowsStandaloneSupport/UnityEditor.WindowsStandalone.Extensions.dll
Registered in 0.005786 seconds.
Native extension for WindowsStandalone target not found
Refreshing native plugins compatible for Editor in 62.35 ms, found 3 plugins.
Preloading 0 native plugins for Editor in 0.00 ms.
Mono: successfully reloaded assembly
- Completed reload, in  0.584 seconds
Domain Reload Profiling:
	ReloadAssembly (585ms)
		BeginReloadAssembly (103ms)
			ExecutionOrderSort (0ms)
			DisableScriptedObjects (0ms)
			BackupInstance (0ms)
			ReleaseScriptingObjects (0ms)
			CreateAndSetChildDomain (1ms)
		EndReloadAssembly (390ms)
			LoadAssemblies (100ms)
			RebuildTransferFunctionScriptingTraits (0ms)
			SetupTypeCache (96ms)
			ReleaseScriptCaches (0ms)
			RebuildScriptCaches (26ms)
			SetupLoadedEditorAssemblies (230ms)
				LogAssemblyErrors (0ms)
				InitializePlatformSupportModulesInManaged (7ms)
				SetLoadedEditorAssemblies (0ms)
				RefreshPlugins (62ms)
				BeforeProcessingInitializeOnLoad (1ms)
				ProcessInitializeOnLoadAttributes (115ms)
				ProcessInitializeOnLoadMethodAttributes (44ms)
				AfterProcessingInitializeOnLoad (0ms)
				EditorAssembliesLoaded (0ms)
			ExecutionOrderSort2 (0ms)
			AwakeInstancesAfterBackupRestoration (0ms)
Platform modules already initialized, skipping
Registering precompiled user dll's ...
Registered in 0.005688 seconds.
Begin MonoManager ReloadAssembly
Native extension for WindowsStandalone target not found
Refreshing native plugins compatible for Editor in 0.45 ms, found 3 plugins.
Preloading 0 native plugins for Editor in 0.00 ms.
Package Manager log level set to [2]
[Package Manager] Server::EnsureServerProcessIsRunning -- launch failed, reason: Unity was launched with the -noUpm command-line argument
[Package Manager] Cannot connect to Unity Package Manager local server
Mono: successfully reloaded assembly
- Completed reload, in  1.242 seconds
Domain Reload Profiling:
	ReloadAssembly (1243ms)
		BeginReloadAssembly (124ms)
			ExecutionOrderSort (0ms)
			DisableScriptedObjects (6ms)
			BackupInstance (0ms)
			ReleaseScriptingObjects (0ms)
			CreateAndSetChildDomain (17ms)
		EndReloadAssembly (1018ms)
			LoadAssemblies (93ms)
			RebuildTransferFunctionScriptingTraits (0ms)
			SetupTypeCache (241ms)
			ReleaseScriptCaches (1ms)
			RebuildScriptCaches (46ms)
			SetupLoadedEditorAssemblies (634ms)
				LogAssemblyErrors (0ms)
				InitializePlatformSupportModulesInManaged (5ms)
				SetLoadedEditorAssemblies (0ms)
				RefreshPlugins (0ms)
				BeforeProcessingInitializeOnLoad (68ms)
				ProcessInitializeOnLoadAttributes (534ms)
				ProcessInitializeOnLoadMethodAttributes (17ms)
				AfterProcessingInitializeOnLoad (7ms)
				EditorAssembliesLoaded (0ms)
			ExecutionOrderSort2 (0ms)
			AwakeInstancesAfterBackupRestoration (6ms)
Platform modules already initialized, skipping
========================================================================
Worker process is ready to serve import requests
Launched and connected shader compiler UnityShaderCompiler.exe after 0.03 seconds
Refreshing native plugins compatible for Editor in 0.43 ms, found 3 plugins.
Preloading 0 native plugins for Editor in 0.00 ms.
Unloading 3071 Unused Serialized files (Serialized files now loaded: 0)
Unloading 22 unused Assets / (46.4 KB). Loaded Objects now: 3532.
Memory consumption went from 110.2 MB to 110.1 MB.
Total: 2.558000 ms (FindLiveObjects: 0.220700 ms CreateObjectMapping: 0.167300 ms MarkObjects: 2.113500 ms  DeleteObjects: 0.055800 ms)

AssetImportParameters requested are different than current active one (requested -> active):
  custom:video-decoder-ogg-theora: a1e56fd34408186e4bbccfd4996cb3dc -> 
  custom:container-muxer-webm: aa71ff27fc2769a1b78a27578f13a17b -> 
  custom:container-demuxer-webm: 4f35f7cbe854078d1ac9338744f61a02 -> 
  custom:video-encoder-webm-vp8: eb34c28f22e8b96e1ab97ce403110664 -> 
  custom:CustomObjectIndexerAttribute: bc11b3a6c3213fcdd17b65e7da85e133 -> 
  custom:audio-encoder-webm-vorbis: bf7c407c2cedff20999df2af8eb42d56 -> 
  custom:framework-win-MediaFoundation: 216162199b28c13a410421893ffa2e32 -> 
  custom:SearchIndexIgnoredProperties: e643bd26f0fe6173181afceb89e7c659 -> 
  custom:container-demuxer-ogg: 62fdf1f143b41e24485cea50d1cbac27 -> 
  custom:video-decoder-webm-vp8: 9c59270c3fd7afecdb556c50c9e8de78 -> 
  custom:audio-decoder-ogg-vorbis: bf7c407c2cedff20999df2af8eb42d56 -> 
========================================================================
Received Import Request.
  Time since last request: 174844.286518 seconds.
  path: Assets/Course Library/_Source_Files/Materials/lambert1.mat
  artifactKey: Guid(755a8ab3a8f607b4eb3106d48b449755) Importer(815301076,1909f56bfc062723c751e8b465ee728b)
Number of updated assets reloaded before import = 0
Start importing Assets/Course Library/_Source_Files/Materials/lambert1.mat using Guid(755a8ab3a8f607b4eb3106d48b449755) Importer(815301076,1909f56bfc062723c751e8b465ee728b)  -> (artifact id: '720940258e79fd67b8cfd1ddd5b39d5d') in 0.143210 seconds 
Number of asset objects unloaded after import = 1
========================================================================
Received Import Request.
  Time since last request: 0.000021 seconds.
  path: Assets/Course Library/_Source_Files/Materials/SumoBalls_Material.mat
  artifactKey: Guid(ae4ff49dfb4c229488b12d99e4b0e3fc) Importer(815301076,1909f56bfc062723c751e8b465ee728b)
Number of updated assets reloaded before import = 0
Start importing Assets/Course Library/_Source_Files/Materials/SumoBalls_Material.mat using Guid(ae4ff49dfb4c229488b12d99e4b0e3fc) Importer(815301076,1909f56bfc062723c751e8b465ee728b)  -> (artifact id: '1682d76bbf1dc3d0fd6e6596a8c23c1c') in 0.020534 seconds 
Number of asset objects unloaded after import = 2
========================================================================
Received Import Request.
  Time since last request: 0.000021 seconds.
  path: Assets/Course Library/_Source_Files/Materials/SimpleIcons.mat
  artifactKey: Guid(9c0880e4cd8a8704e82b6940624b569a) Importer(815301076,1909f56bfc062723c751e8b465ee728b)
Number of updated assets reloaded before import = 0
Start importing Assets/Course Library/_Source_Files/Materials/SimpleIcons.mat using Guid(9c0880e4cd8a8704e82b6940624b569a) Importer(815301076,1909f56bfc062723c751e8b465ee728b)  -> (artifact id: '7a93c1f97a948f68b099069ec8a27a2b') in 0.094403 seconds 
Number of asset objects unloaded after import = 2
========================================================================
Received Import Request.
  Time since last request: 1.853192 seconds.
  path: Assets/Course Library/_Source_Files/Textures/Emissive_01.png
  artifactKey: Guid(ed8c76cfaa7f4f04da86bd288543e61c) Importer(815301076,1909f56bfc062723c751e8b465ee728b)
Number of updated assets reloaded before import = 0
Start importing Assets/Course Library/_Source_Files/Textures/Emissive_01.png using Guid(ed8c76cfaa7f4f04da86bd288543e61c) Importer(815301076,1909f56bfc062723c751e8b465ee728b)  -> (artifact id: '3595d3d0c6095f3153961cc73e0ad0a4') in 0.029766 seconds 
Number of asset objects unloaded after import = 2
========================================================================
Received Import Request.
  Time since last request: 0.000019 seconds.
  path: Assets/Course Library/_Source_Files/Textures/PolygonCity_Texture_Normal.png
  artifactKey: Guid(b993ae890161b184188e417d77e0e1a3) Importer(815301076,1909f56bfc062723c751e8b465ee728b)
Number of updated assets reloaded before import = 0
Start importing Assets/Course Library/_Source_Files/Textures/PolygonCity_Texture_Normal.png using Guid(b993ae890161b184188e417d77e0e1a3) Importer(815301076,1909f56bfc062723c751e8b465ee728b)  -> (artifact id: 'bb27a674642fbdb8101a92261acb543b') in 0.034248 seconds 
Number of asset objects unloaded after import = 2
========================================================================
Received Import Request.
  Time since last request: 0.000022 seconds.
  path: Assets/Course Library/_Source_Files/Textures/SimpleShopInterior_Texture.png
  artifactKey: Guid(9feefa8c65de5d748bcef29e7e150c3a) Importer(815301076,1909f56bfc062723c751e8b465ee728b)
Number of updated assets reloaded before import = 0
Start importing Assets/Course Library/_Source_Files/Textures/SimpleShopInterior_Texture.png using Guid(9feefa8c65de5d748bcef29e7e150c3a) Importer(815301076,1909f56bfc062723c751e8b465ee728b)  -> (artifact id: 'ea127430810df6debb3b53675f0d9ec4') in 0.022643 seconds 
Number of asset objects unloaded after import = 2
========================================================================
Received Import Request.
  Time since last request: 0.000021 seconds.
  path: Assets/Course Library/_Source_Files/Textures/Textures_Props.png
  artifactKey: Guid(ac660800cea938a42ae8f2c5ea24539e) Importer(815301076,1909f56bfc062723c751e8b465ee728b)
Number of updated assets reloaded before import = 0
Start importing Assets/Course Library/_Source_Files/Textures/Textures_Props.png using Guid(ac660800cea938a42ae8f2c5ea24539e) Importer(815301076,1909f56bfc062723c751e8b465ee728b)  -> (artifact id: 'a6d65371630b887fe1d25ae1481107ab') in 0.020886 seconds 
Number of asset objects unloaded after import = 2
========================================================================
Received Import Request.
  Time since last request: 26.006847 seconds.
  path: Assets/Course Library/Particles
  artifactKey: Guid(49a467b080e0e47048b2b350dadd3d17) Importer(815301076,1909f56bfc062723c751e8b465ee728b)
Number of updated assets reloaded before import = 0
Start importing Assets/Course Library/Particles using Guid(49a467b080e0e47048b2b350dadd3d17) Importer(815301076,1909f56bfc062723c751e8b465ee728b)  -> (artifact id: 'f3281ff85e25be77c50fdfa32fa7aee6') in 0.006041 seconds 
Number of asset objects unloaded after import = 0
========================================================================
Received Import Request.
  Time since last request: 6.683299 seconds.
  path: Assets/Course Library/_Source_Files/FBX/Ball_8Ball.fbx
  artifactKey: Guid(4f58056fda9cf524ea52df48785846d9) Importer(815301076,1909f56bfc062723c751e8b465ee728b)
Number of updated assets reloaded before import = 0
Start importing Assets/Course Library/_Source_Files/FBX/Ball_8Ball.fbx using Guid(4f58056fda9cf524ea52df48785846d9) Importer(815301076,1909f56bfc062723c751e8b465ee728b)  -> (artifact id: '6d0ad661eedb8a6e72010d8c23edd7bd') in 0.046322 seconds 
Number of asset objects unloaded after import = 7
========================================================================
Received Import Request.
  Time since last request: 0.000033 seconds.
  path: Assets/Course Library/_Source_Files/FBX/Items_EnergyCan_01.fbx
  artifactKey: Guid(6b10d5dd38b22314f932fba49fc26253) Importer(815301076,1909f56bfc062723c751e8b465ee728b)
Number of updated assets reloaded before import = 0
Start importing Assets/Course Library/_Source_Files/FBX/Items_EnergyCan_01.fbx using Guid(6b10d5dd38b22314f932fba49fc26253) Importer(815301076,1909f56bfc062723c751e8b465ee728b)  -> (artifact id: 'cd04014cfb96017073837f96b2f8233b') in 0.034342 seconds 
Number of asset objects unloaded after import = 8
========================================================================
Received Import Request.
  Time since last request: 0.000023 seconds.
  path: Assets/Course Library/_Source_Files/FBX/Items_Pizza_01.fbx
  artifactKey: Guid(0169642a95e8fce49b967cc4543bcdd8) Importer(815301076,1909f56bfc062723c751e8b465ee728b)
Number of updated assets reloaded before import = 0
Start importing Assets/Course Library/_Source_Files/FBX/Items_Pizza_01.fbx using Guid(0169642a95e8fce49b967cc4543bcdd8) Importer(815301076,1909f56bfc062723c751e8b465ee728b)  -> (artifact id: '97700c2059470f7905188296df4d49b7') in 0.035495 seconds 
Number of asset objects unloaded after import = 8
========================================================================
Received Import Request.
  Time since last request: 0.000021 seconds.
  path: Assets/Course Library/_Source_Files/FBX/Ball_Eye.fbx
  artifactKey: Guid(9279821004574e44d857d87b14b3f4b3) Importer(815301076,1909f56bfc062723c751e8b465ee728b)
Number of updated assets reloaded before import = 0
Start importing Assets/Course Library/_Source_Files/FBX/Ball_Eye.fbx using Guid(9279821004574e44d857d87b14b3f4b3) Importer(815301076,1909f56bfc062723c751e8b465ee728b)  -> (artifact id: 'ae73d66682bac98acf95d1a1f8b5f1f2') in 0.027559 seconds 
Number of asset objects unloaded after import = 7
========================================================================
Received Import Request.
  Time since last request: 1.971637 seconds.
  path: Assets/Course Library/_Source_Files
  artifactKey: Guid(0a11fcdc511c6724095926c167391bd6) Importer(815301076,1909f56bfc062723c751e8b465ee728b)
Number of updated assets reloaded before import = 0
Start importing Assets/Course Library/_Source_Files using Guid(0a11fcdc511c6724095926c167391bd6) Importer(815301076,1909f56bfc062723c751e8b465ee728b)  -> (artifact id: '8dd6649ee34e5fb8489b181b8642be7d') in 0.005521 seconds 
Number of asset objects unloaded after import = 0
========================================================================
Received Import Request.
  Time since last request: 13.845560 seconds.
  path: Assets/Course Library/Fonts/Baloo_Chettan/BalooChettan-Regular SDF.asset
  artifactKey: Guid(31706cb8c8e1e4d99bb4d0a39c952ca2) Importer(815301076,1909f56bfc062723c751e8b465ee728b)
Number of updated assets reloaded before import = 0
Start importing Assets/Course Library/Fonts/Baloo_Chettan/BalooChettan-Regular SDF.asset using Guid(31706cb8c8e1e4d99bb4d0a39c952ca2) Importer(815301076,1909f56bfc062723c751e8b465ee728b)  -> (artifact id: 'b706608991df13bfc8b4c55b981d18fa') in 0.046761 seconds 
Number of asset objects unloaded after import = 4
========================================================================
Received Import Request.
  Time since last request: 0.000019 seconds.
  path: Assets/Course Library/Fonts/Exo_2/Exo2-LightItalic.ttf
  artifactKey: Guid(d59e3c5d1247c45f0b70680dc868ed9d) Importer(815301076,1909f56bfc062723c751e8b465ee728b)
Number of updated assets reloaded before import = 0
Start importing Assets/Course Library/Fonts/Exo_2/Exo2-LightItalic.ttf using Guid(d59e3c5d1247c45f0b70680dc868ed9d) Importer(815301076,1909f56bfc062723c751e8b465ee728b)  -> (artifact id: 'fcee27db357a749fc5fbe834527034ba') in 0.028015 seconds 
Number of asset objects unloaded after import = 4
========================================================================
Received Import Request.
  Time since last request: 0.000032 seconds.
  path: Assets/Course Library/Fonts/Exo_2/Exo2-SemiBoldItalic.ttf
  artifactKey: Guid(c40fa27c60b3c426f8eac511b6401ab2) Importer(815301076,1909f56bfc062723c751e8b465ee728b)
Number of updated assets reloaded before import = 0
Start importing Assets/Course Library/Fonts/Exo_2/Exo2-SemiBoldItalic.ttf using Guid(c40fa27c60b3c426f8eac511b6401ab2) Importer(815301076,1909f56bfc062723c751e8b465ee728b)  -> (artifact id: '987c0a5730330d07061eb213427bc8be') in 0.026623 seconds 
Number of asset objects unloaded after import = 4
========================================================================
Received Import Request.
  Time since last request: 19.010575 seconds.
  path: Assets/Course Library
  artifactKey: Guid(10a492cb0e85ae145b9cc221cc7928fa) Importer(815301076,1909f56bfc062723c751e8b465ee728b)
Number of updated assets reloaded before import = 0
Start importing Assets/Course Library using Guid(10a492cb0e85ae145b9cc221cc7928fa) Importer(815301076,1909f56bfc062723c751e8b465ee728b)  -> (artifact id: '54cf003563895d955b35fc45be6c3ad8') in 0.005781 seconds 
Number of asset objects unloaded after import = 0
========================================================================
Received Import Request.
  Time since last request: 5.335596 seconds.
  path: Assets/Course Library/_Source_Files/Textures
  artifactKey: Guid(f422e7a7e563f38429548e0b5a070cc8) Importer(815301076,1909f56bfc062723c751e8b465ee728b)
Number of updated assets reloaded before import = 0
Start importing Assets/Course Library/_Source_Files/Textures using Guid(f422e7a7e563f38429548e0b5a070cc8) Importer(815301076,1909f56bfc062723c751e8b465ee728b)  -> (artifact id: 'c9062af57debc638bb50071fedc62c88') in 0.005568 seconds 
Number of asset objects unloaded after import = 0
========================================================================
Received Import Request.
  Time since last request: 13.719891 seconds.
  path: Assets/Course Library/_Source_Files/SimpleFX/Materials
  artifactKey: Guid(6f118e5c104d748c1b3d30836b6c7e0e) Importer(815301076,1909f56bfc062723c751e8b465ee728b)
Number of updated assets reloaded before import = 0
Start importing Assets/Course Library/_Source_Files/SimpleFX/Materials using Guid(6f118e5c104d748c1b3d30836b6c7e0e) Importer(815301076,1909f56bfc062723c751e8b465ee728b)  -> (artifact id: 'e870183f1b7dd557e19add229be50051') in 0.001579 seconds 
Number of asset objects unloaded after import = 0
========================================================================
Received Import Request.
  Time since last request: 0.028107 seconds.
  path: Assets/Course Library/_Source_Files/SimpleFX/Materials/FX_Base.mat
  artifactKey: Guid(a0cec58fc32f482418596ffdf7c0d693) Importer(815301076,1909f56bfc062723c751e8b465ee728b)
Number of updated assets reloaded before import = 0
Start importing Assets/Course Library/_Source_Files/SimpleFX/Materials/FX_Base.mat using Guid(a0cec58fc32f482418596ffdf7c0d693) Importer(815301076,1909f56bfc062723c751e8b465ee728b)  -> (artifact id: '181d27d36f17366e2ece59bd08c6d12a') in 0.009785 seconds 
Number of asset objects unloaded after import = 1
========================================================================
Received Import Request.
  Time since last request: 10.490000 seconds.
  path: Assets/Scenes/Prototype 5.unity
  artifactKey: Guid(84729eeda748340d0955715b6a50b370) Importer(815301076,1909f56bfc062723c751e8b465ee728b)
Number of updated assets reloaded before import = 0
Start importing Assets/Scenes/Prototype 5.unity using Guid(84729eeda748340d0955715b6a50b370) Importer(815301076,1909f56bfc062723c751e8b465ee728b)  -> (artifact id: '1bb4c0e42bd3f83aadeceba321dbd619') in 0.005582 seconds 
Number of asset objects unloaded after import = 0
========================================================================
Received Import Request.
  Time since last request: 62.679975 seconds.
  path: Assets/Prefabs/Bad1.prefab
  artifactKey: Guid(ec584945ab877a046813451cb944cae2) Importer(815301076,1909f56bfc062723c751e8b465ee728b)
Number of updated assets reloaded before import = 0
Start importing Assets/Prefabs/Bad1.prefab using Guid(ec584945ab877a046813451cb944cae2) Importer(815301076,1909f56bfc062723c751e8b465ee728b)  -> (artifact id: '6a1d23930fea59499b6d4470497520de') in 0.016529 seconds 
Number of asset objects unloaded after import = 19
========================================================================
Received Import Request.
  Time since last request: 2.224117 seconds.
  path: Assets/Prefabs/Bad1.prefab
  artifactKey: Guid(ec584945ab877a046813451cb944cae2) Importer(815301076,1909f56bfc062723c751e8b465ee728b)
Number of updated assets reloaded before import = 0
Start importing Assets/Prefabs/Bad1.prefab using Guid(ec584945ab877a046813451cb944cae2) Importer(815301076,1909f56bfc062723c751e8b465ee728b)  -> (artifact id: '62981f515c556c9003f525feab52dec2') in 0.011269 seconds 
Number of asset objects unloaded after import = 19
========================================================================
Received Import Request.
  Time since last request: 1.454072 seconds.
  path: Assets/Prefabs/Bad1.prefab
  artifactKey: Guid(ec584945ab877a046813451cb944cae2) Importer(815301076,1909f56bfc062723c751e8b465ee728b)
Number of updated assets reloaded before import = 0
Start importing Assets/Prefabs/Bad1.prefab using Guid(ec584945ab877a046813451cb944cae2) Importer(815301076,1909f56bfc062723c751e8b465ee728b)  -> (artifact id: '5dc50983ce020477ac1585eae95ce8a6') in 0.013556 seconds 
Number of asset objects unloaded after import = 19
========================================================================
Received Import Request.
  Time since last request: 29.341479 seconds.
  path: Assets/Prefabs/Good1.prefab
  artifactKey: Guid(cd0cb74cea9c70d4ea94e0fd8871ae77) Importer(815301076,1909f56bfc062723c751e8b465ee728b)
Number of updated assets reloaded before import = 0
Start importing Assets/Prefabs/Good1.prefab using Guid(cd0cb74cea9c70d4ea94e0fd8871ae77) Importer(815301076,1909f56bfc062723c751e8b465ee728b)  -> (artifact id: 'd932fc1cbf9177c57e6abe20233de1ef') in 0.021961 seconds 
Number of asset objects unloaded after import = 12
========================================================================
Received Import Request.
  Time since last request: 10.315922 seconds.
  path: Assets/Prefabs/Good1.prefab
  artifactKey: Guid(cd0cb74cea9c70d4ea94e0fd8871ae77) Importer(815301076,1909f56bfc062723c751e8b465ee728b)
Number of updated assets reloaded before import = 0
Start importing Assets/Prefabs/Good1.prefab using Guid(cd0cb74cea9c70d4ea94e0fd8871ae77) Importer(815301076,1909f56bfc062723c751e8b465ee728b)  -> (artifact id: '7784afa02fbf6512a963f5c86f05c28e') in 0.016044 seconds 
Number of asset objects unloaded after import = 19
========================================================================
Received Import Request.
  Time since last request: 2.843115 seconds.
  path: Assets/Prefabs/Good1.prefab
  artifactKey: Guid(cd0cb74cea9c70d4ea94e0fd8871ae77) Importer(815301076,1909f56bfc062723c751e8b465ee728b)
Number of updated assets reloaded before import = 0
Start importing Assets/Prefabs/Good1.prefab using Guid(cd0cb74cea9c70d4ea94e0fd8871ae77) Importer(815301076,1909f56bfc062723c751e8b465ee728b)  -> (artifact id: 'b226a95718117f336873aef1fa65e009') in 0.011157 seconds 
Number of asset objects unloaded after import = 19
========================================================================
Received Import Request.
  Time since last request: 1.651225 seconds.
  path: Assets/Prefabs/Good1.prefab
  artifactKey: Guid(cd0cb74cea9c70d4ea94e0fd8871ae77) Importer(815301076,1909f56bfc062723c751e8b465ee728b)
Number of updated assets reloaded before import = 0
Start importing Assets/Prefabs/Good1.prefab using Guid(cd0cb74cea9c70d4ea94e0fd8871ae77) Importer(815301076,1909f56bfc062723c751e8b465ee728b)  -> (artifact id: 'bf8e2ad6c14c4fe57ed6ee27da08f0b9') in 0.013213 seconds 
Number of asset objects unloaded after import = 19
========================================================================
Received Import Request.
  Time since last request: 1.872056 seconds.
  path: Assets/Prefabs/Good1.prefab
  artifactKey: Guid(cd0cb74cea9c70d4ea94e0fd8871ae77) Importer(815301076,1909f56bfc062723c751e8b465ee728b)
Number of updated assets reloaded before import = 0
Start importing Assets/Prefabs/Good1.prefab using Guid(cd0cb74cea9c70d4ea94e0fd8871ae77) Importer(815301076,1909f56bfc062723c751e8b465ee728b)  -> (artifact id: '3e4c8ae8d3e7e181f56a60d0a508aaf3') in 0.013799 seconds 
Number of asset objects unloaded after import = 19
========================================================================
Received Import Request.
  Time since last request: 1.220345 seconds.
  path: Assets/Prefabs/Good1.prefab
  artifactKey: Guid(cd0cb74cea9c70d4ea94e0fd8871ae77) Importer(815301076,1909f56bfc062723c751e8b465ee728b)
Number of updated assets reloaded before import = 0
Start importing Assets/Prefabs/Good1.prefab using Guid(cd0cb74cea9c70d4ea94e0fd8871ae77) Importer(815301076,1909f56bfc062723c751e8b465ee728b)  -> (artifact id: '8255a1896438ef17f842babd1a94316a') in 0.013902 seconds 
Number of asset objects unloaded after import = 19
========================================================================
Received Import Request.
  Time since last request: 1.828763 seconds.
  path: Assets/Prefabs/Good1.prefab
  artifactKey: Guid(cd0cb74cea9c70d4ea94e0fd8871ae77) Importer(815301076,1909f56bfc062723c751e8b465ee728b)
Number of updated assets reloaded before import = 0
Start importing Assets/Prefabs/Good1.prefab using Guid(cd0cb74cea9c70d4ea94e0fd8871ae77) Importer(815301076,1909f56bfc062723c751e8b465ee728b)  -> (artifact id: 'e5d2a2f238f7d925e35220887504cc9d') in 0.010178 seconds 
Number of asset objects unloaded after import = 19
========================================================================
Received Import Request.
  Time since last request: 1.260774 seconds.
  path: Assets/Prefabs/Good1.prefab
  artifactKey: Guid(cd0cb74cea9c70d4ea94e0fd8871ae77) Importer(815301076,1909f56bfc062723c751e8b465ee728b)
Number of updated assets reloaded before import = 0
Start importing Assets/Prefabs/Good1.prefab using Guid(cd0cb74cea9c70d4ea94e0fd8871ae77) Importer(815301076,1909f56bfc062723c751e8b465ee728b)  -> (artifact id: '9c4353e581bcc69331e35c21c851ccc6') in 0.010661 seconds 
Number of asset objects unloaded after import = 19
========================================================================
Received Import Request.
  Time since last request: 1.410165 seconds.
  path: Assets/Prefabs/Good1.prefab
  artifactKey: Guid(cd0cb74cea9c70d4ea94e0fd8871ae77) Importer(815301076,1909f56bfc062723c751e8b465ee728b)
Number of updated assets reloaded before import = 0
Start importing Assets/Prefabs/Good1.prefab using Guid(cd0cb74cea9c70d4ea94e0fd8871ae77) Importer(815301076,1909f56bfc062723c751e8b465ee728b)  -> (artifact id: 'c6b6b5fcb885b400c2bbaa86866cf8f1') in 0.010400 seconds 
Number of asset objects unloaded after import = 19
========================================================================
Received Import Request.
  Time since last request: 4.663675 seconds.
  path: Assets/Prefabs/Good1.prefab
  artifactKey: Guid(cd0cb74cea9c70d4ea94e0fd8871ae77) Importer(815301076,1909f56bfc062723c751e8b465ee728b)
Number of updated assets reloaded before import = 0
Start importing Assets/Prefabs/Good1.prefab using Guid(cd0cb74cea9c70d4ea94e0fd8871ae77) Importer(815301076,1909f56bfc062723c751e8b465ee728b)  -> (artifact id: 'c6c3236f1c06b77b245c24db7724e480') in 0.012081 seconds 
Number of asset objects unloaded after import = 19
========================================================================
Received Import Request.
  Time since last request: 6.214162 seconds.
  path: Assets/Prefabs/Good1.prefab
  artifactKey: Guid(cd0cb74cea9c70d4ea94e0fd8871ae77) Importer(815301076,1909f56bfc062723c751e8b465ee728b)
Number of updated assets reloaded before import = 0
Start importing Assets/Prefabs/Good1.prefab using Guid(cd0cb74cea9c70d4ea94e0fd8871ae77) Importer(815301076,1909f56bfc062723c751e8b465ee728b)  -> (artifact id: '2e91733c4efe8d861641cf963dee669d') in 0.013760 seconds 
Number of asset objects unloaded after import = 19
========================================================================
Received Import Request.
  Time since last request: 12.636970 seconds.
  path: Assets/Prefabs/Bad1.prefab
  artifactKey: Guid(ec584945ab877a046813451cb944cae2) Importer(815301076,1909f56bfc062723c751e8b465ee728b)
Number of updated assets reloaded before import = 0
Start importing Assets/Prefabs/Bad1.prefab using Guid(ec584945ab877a046813451cb944cae2) Importer(815301076,1909f56bfc062723c751e8b465ee728b)  -> (artifact id: 'ac6e3a970f94a879e1f7771210ea2592') in 0.013269 seconds 
Number of asset objects unloaded after import = 19
========================================================================
Received Import Request.
  Time since last request: 16.425578 seconds.
  path: Assets/Prefabs/Good2.prefab
  artifactKey: Guid(499e936a459b88c4ab6ff76c723c3418) Importer(815301076,1909f56bfc062723c751e8b465ee728b)
Number of updated assets reloaded before import = 0
Start importing Assets/Prefabs/Good2.prefab using Guid(499e936a459b88c4ab6ff76c723c3418) Importer(815301076,1909f56bfc062723c751e8b465ee728b)  -> (artifact id: '84a486c0eff2a8013532f3e696d17c03') in 0.011587 seconds 
Number of asset objects unloaded after import = 19
========================================================================
Received Import Request.
  Time since last request: 20.344658 seconds.
  path: Assets/Prefabs/Good3.prefab
  artifactKey: Guid(a1034918bdd47e246ba1446b184201d5) Importer(815301076,1909f56bfc062723c751e8b465ee728b)
Number of updated assets reloaded before import = 0
Start importing Assets/Prefabs/Good3.prefab using Guid(a1034918bdd47e246ba1446b184201d5) Importer(815301076,1909f56bfc062723c751e8b465ee728b)  -> (artifact id: '05f19d778fdbd311c4510c7ab512255b') in 0.012797 seconds 
Number of asset objects unloaded after import = 19
========================================================================
Received Import Request.
  Time since last request: 4.394260 seconds.
  path: Assets/Prefabs/Good3.prefab
  artifactKey: Guid(a1034918bdd47e246ba1446b184201d5) Importer(815301076,1909f56bfc062723c751e8b465ee728b)
Number of updated assets reloaded before import = 0
Start importing Assets/Prefabs/Good3.prefab using Guid(a1034918bdd47e246ba1446b184201d5) Importer(815301076,1909f56bfc062723c751e8b465ee728b)  -> (artifact id: '04d4f532c1a0324450c7c87cd6700fb9') in 0.013612 seconds 
Number of asset objects unloaded after import = 19
========================================================================
Received Import Request.
  Time since last request: 9.469843 seconds.
  path: Assets/Prefabs/Good4.prefab
  artifactKey: Guid(284a7159a41863547bd0ddbd7fe71f9c) Importer(815301076,1909f56bfc062723c751e8b465ee728b)
Number of updated assets reloaded before import = 0
Start importing Assets/Prefabs/Good4.prefab using Guid(284a7159a41863547bd0ddbd7fe71f9c) Importer(815301076,1909f56bfc062723c751e8b465ee728b)  -> (artifact id: '39bbe7386aef7a61e9dea318ecba66ee') in 0.014846 seconds 
Number of asset objects unloaded after import = 19
========================================================================
Received Import Request.
  Time since last request: 1.197043 seconds.
  path: Assets/Prefabs/Good4.prefab
  artifactKey: Guid(284a7159a41863547bd0ddbd7fe71f9c) Importer(815301076,1909f56bfc062723c751e8b465ee728b)
Number of updated assets reloaded before import = 0
Start importing Assets/Prefabs/Good4.prefab using Guid(284a7159a41863547bd0ddbd7fe71f9c) Importer(815301076,1909f56bfc062723c751e8b465ee728b)  -> (artifact id: '6b2f3b0ae989472e5b57845ebb5071ad') in 0.013867 seconds 
Number of asset objects unloaded after import = 19
========================================================================
Received Import Request.
  Time since last request: 1.683473 seconds.
  path: Assets/Prefabs/Good4.prefab
  artifactKey: Guid(284a7159a41863547bd0ddbd7fe71f9c) Importer(815301076,1909f56bfc062723c751e8b465ee728b)
Number of updated assets reloaded before import = 0
Start importing Assets/Prefabs/Good4.prefab using Guid(284a7159a41863547bd0ddbd7fe71f9c) Importer(815301076,1909f56bfc062723c751e8b465ee728b)  -> (artifact id: 'b7b7bdea03b43d7ff187b7e04604f448') in 0.015158 seconds 
Number of asset objects unloaded after import = 19
========================================================================
Received Import Request.
  Time since last request: 1.665061 seconds.
  path: Assets/Prefabs/Good4.prefab
  artifactKey: Guid(284a7159a41863547bd0ddbd7fe71f9c) Importer(815301076,1909f56bfc062723c751e8b465ee728b)
Number of updated assets reloaded before import = 0
Start importing Assets/Prefabs/Good4.prefab using Guid(284a7159a41863547bd0ddbd7fe71f9c) Importer(815301076,1909f56bfc062723c751e8b465ee728b)  -> (artifact id: '127c09f996b35564a491b5ebd7b04053') in 0.011833 seconds 
Number of asset objects unloaded after import = 19
========================================================================
Received Import Request.
  Time since last request: 12.546219 seconds.
  path: Assets/Prefabs/Good2.prefab
  artifactKey: Guid(499e936a459b88c4ab6ff76c723c3418) Importer(815301076,1909f56bfc062723c751e8b465ee728b)
Number of updated assets reloaded before import = 0
Start importing Assets/Prefabs/Good2.prefab using Guid(499e936a459b88c4ab6ff76c723c3418) Importer(815301076,1909f56bfc062723c751e8b465ee728b)  -> (artifact id: 'f1a2e7d23da185b7f3f4c97422940e0e') in 0.013390 seconds 
Number of asset objects unloaded after import = 19
========================================================================
Received Prepare
Registering precompiled user dll's ...
Registered in 0.007117 seconds.
Begin MonoManager ReloadAssembly
Native extension for WindowsStandalone target not found
Refreshing native plugins compatible for Editor in 0.46 ms, found 3 plugins.
Preloading 0 native plugins for Editor in 0.00 ms.
[Package Manager] Server::EnsureServerProcessIsRunning -- launch failed, reason: Unity was launched with the -noUpm command-line argument
[Package Manager] Cannot connect to Unity Package Manager local server
Mono: successfully reloaded assembly
- Completed reload, in  1.270 seconds
Domain Reload Profiling:
	ReloadAssembly (1271ms)
		BeginReloadAssembly (152ms)
			ExecutionOrderSort (0ms)
			DisableScriptedObjects (4ms)
			BackupInstance (0ms)
			ReleaseScriptingObjects (0ms)
			CreateAndSetChildDomain (35ms)
		EndReloadAssembly (1027ms)
			LoadAssemblies (100ms)
			RebuildTransferFunctionScriptingTraits (0ms)
			SetupTypeCache (258ms)
			ReleaseScriptCaches (1ms)
			RebuildScriptCaches (44ms)
			SetupLoadedEditorAssemblies (619ms)
				LogAssemblyErrors (0ms)
				InitializePlatformSupportModulesInManaged (5ms)
				SetLoadedEditorAssemblies (0ms)
				RefreshPlugins (1ms)
				BeforeProcessingInitializeOnLoad (56ms)
				ProcessInitializeOnLoadAttributes (530ms)
				ProcessInitializeOnLoadMethodAttributes (19ms)
				AfterProcessingInitializeOnLoad (8ms)
				EditorAssembliesLoaded (0ms)
			ExecutionOrderSort2 (0ms)
			AwakeInstancesAfterBackupRestoration (7ms)
Platform modules already initialized, skipping
Refreshing native plugins compatible for Editor in 0.50 ms, found 3 plugins.
Preloading 0 native plugins for Editor in 0.00 ms.
Unloading 3050 Unused Serialized files (Serialized files now loaded: 0)
Unloading 17 unused Assets / (21.9 KB). Loaded Objects now: 3591.
Memory consumption went from 113.9 MB to 113.9 MB.
Total: 2.829200 ms (FindLiveObjects: 0.276600 ms CreateObjectMapping: 0.209000 ms MarkObjects: 2.317200 ms  DeleteObjects: 0.025000 ms)

AssetImportParameters requested are different than current active one (requested -> active):
  custom:video-decoder-ogg-theora: a1e56fd34408186e4bbccfd4996cb3dc -> 
  custom:container-muxer-webm: aa71ff27fc2769a1b78a27578f13a17b -> 
  custom:container-demuxer-webm: 4f35f7cbe854078d1ac9338744f61a02 -> 
  custom:video-encoder-webm-vp8: eb34c28f22e8b96e1ab97ce403110664 -> 
  custom:CustomObjectIndexerAttribute: bc11b3a6c3213fcdd17b65e7da85e133 -> 
  custom:audio-encoder-webm-vorbis: bf7c407c2cedff20999df2af8eb42d56 -> 
  custom:framework-win-MediaFoundation: 216162199b28c13a410421893ffa2e32 -> 
  custom:SearchIndexIgnoredProperties: e643bd26f0fe6173181afceb89e7c659 -> 
  custom:container-demuxer-ogg: 62fdf1f143b41e24485cea50d1cbac27 -> 
  custom:video-decoder-webm-vp8: 9c59270c3fd7afecdb556c50c9e8de78 -> 
  custom:audio-decoder-ogg-vorbis: bf7c407c2cedff20999df2af8eb42d56 -> 
========================================================================
Received Import Request.
  Time since last request: 33.265849 seconds.
  path: Assets/Prefabs/Good3.prefab
  artifactKey: Guid(a1034918bdd47e246ba1446b184201d5) Importer(815301076,1909f56bfc062723c751e8b465ee728b)
Number of updated assets reloaded before import = 0
Start importing Assets/Prefabs/Good3.prefab using Guid(a1034918bdd47e246ba1446b184201d5) Importer(815301076,1909f56bfc062723c751e8b465ee728b)  -> (artifact id: '140d08287bbd8a4f6520a6c5703969a6') in 0.077314 seconds 
Number of asset objects unloaded after import = 19
========================================================================
Received Prepare
Registering precompiled user dll's ...
Registered in 0.004687 seconds.
Begin MonoManager ReloadAssembly
Native extension for WindowsStandalone target not found
Refreshing native plugins compatible for Editor in 0.45 ms, found 3 plugins.
Preloading 0 native plugins for Editor in 0.00 ms.
[Package Manager] Server::EnsureServerProcessIsRunning -- launch failed, reason: Unity was launched with the -noUpm command-line argument
[Package Manager] Cannot connect to Unity Package Manager local server
Mono: successfully reloaded assembly
- Completed reload, in  1.237 seconds
Domain Reload Profiling:
	ReloadAssembly (1238ms)
		BeginReloadAssembly (147ms)
			ExecutionOrderSort (0ms)
			DisableScriptedObjects (5ms)
			BackupInstance (0ms)
			ReleaseScriptingObjects (0ms)
			CreateAndSetChildDomain (30ms)
		EndReloadAssembly (990ms)
			LoadAssemblies (99ms)
			RebuildTransferFunctionScriptingTraits (0ms)
			SetupTypeCache (242ms)
			ReleaseScriptCaches (1ms)
			RebuildScriptCaches (38ms)
			SetupLoadedEditorAssemblies (607ms)
				LogAssemblyErrors (0ms)
				InitializePlatformSupportModulesInManaged (5ms)
				SetLoadedEditorAssemblies (0ms)
				RefreshPlugins (1ms)
				BeforeProcessingInitializeOnLoad (54ms)
				ProcessInitializeOnLoadAttributes (521ms)
				ProcessInitializeOnLoadMethodAttributes (17ms)
				AfterProcessingInitializeOnLoad (8ms)
				EditorAssembliesLoaded (0ms)
			ExecutionOrderSort2 (0ms)
			AwakeInstancesAfterBackupRestoration (7ms)
Platform modules already initialized, skipping
Refreshing native plugins compatible for Editor in 0.57 ms, found 3 plugins.
Preloading 0 native plugins for Editor in 0.00 ms.
Unloading 3050 Unused Serialized files (Serialized files now loaded: 0)
Unloading 17 unused Assets / (21.9 KB). Loaded Objects now: 3594.
Memory consumption went from 113.9 MB to 113.9 MB.
Total: 2.561800 ms (FindLiveObjects: 0.260200 ms CreateObjectMapping: 0.217300 ms MarkObjects: 2.061100 ms  DeleteObjects: 0.022400 ms)

AssetImportParameters requested are different than current active one (requested -> active):
  custom:video-decoder-ogg-theora: a1e56fd34408186e4bbccfd4996cb3dc -> 
  custom:container-muxer-webm: aa71ff27fc2769a1b78a27578f13a17b -> 
  custom:container-demuxer-webm: 4f35f7cbe854078d1ac9338744f61a02 -> 
  custom:video-encoder-webm-vp8: eb34c28f22e8b96e1ab97ce403110664 -> 
  custom:CustomObjectIndexerAttribute: bc11b3a6c3213fcdd17b65e7da85e133 -> 
  custom:audio-encoder-webm-vorbis: bf7c407c2cedff20999df2af8eb42d56 -> 
  custom:framework-win-MediaFoundation: 216162199b28c13a410421893ffa2e32 -> 
  custom:SearchIndexIgnoredProperties: e643bd26f0fe6173181afceb89e7c659 -> 
  custom:container-demuxer-ogg: 62fdf1f143b41e24485cea50d1cbac27 -> 
  custom:video-decoder-webm-vp8: 9c59270c3fd7afecdb556c50c9e8de78 -> 
  custom:audio-decoder-ogg-vorbis: bf7c407c2cedff20999df2af8eb42d56 -> 
========================================================================
Received Import Request.
  Time since last request: 5.280648 seconds.
  path: Assets/Prefabs/Good3.prefab
  artifactKey: Guid(a1034918bdd47e246ba1446b184201d5) Importer(815301076,1909f56bfc062723c751e8b465ee728b)
Number of updated assets reloaded before import = 0
Start importing Assets/Prefabs/Good3.prefab using Guid(a1034918bdd47e246ba1446b184201d5) Importer(815301076,1909f56bfc062723c751e8b465ee728b)  -> (artifact id: 'db21eaa07bbc81e3f8a82e86e7184205') in 0.073123 seconds 
Number of asset objects unloaded after import = 19
========================================================================
Received Import Request.
  Time since last request: 8686.134382 seconds.
  path: Assets/Course Library/Fonts/Exo_2/Exo2-Thin.ttf
  artifactKey: Guid(409f4048a2425400dbf8cf0fb9eb0f24) Importer(815301076,1909f56bfc062723c751e8b465ee728b)
Number of updated assets reloaded before import = 0
Start importing Assets/Course Library/Fonts/Exo_2/Exo2-Thin.ttf using Guid(409f4048a2425400dbf8cf0fb9eb0f24) Importer(815301076,1909f56bfc062723c751e8b465ee728b)  -> (artifact id: 'cb4e7404b37bd0c298e45f02f6ab3302') in 0.075381 seconds 
Number of asset objects unloaded after import = 4
========================================================================
Received Import Request.
  Time since last request: 0.000038 seconds.
  path: Assets/Course Library/Fonts/Indie_Flower/IndieFlower.ttf
  artifactKey: Guid(1e2dedf0209f94b3a970377b23a013a9) Importer(815301076,1909f56bfc062723c751e8b465ee728b)
Number of updated assets reloaded before import = 0
Start importing Assets/Course Library/Fonts/Indie_Flower/IndieFlower.ttf using Guid(1e2dedf0209f94b3a970377b23a013a9) Importer(815301076,1909f56bfc062723c751e8b465ee728b)  -> (artifact id: 'febcdf82ad6112296c50d38d2f3a5c9f') in 0.022625 seconds 
Number of asset objects unloaded after import = 4
========================================================================
Received Import Request.
  Time since last request: 0.000017 seconds.
  path: Assets/Course Library/Fonts/Oswald/Oswald-Light.ttf
  artifactKey: Guid(08117285b45064d9facc7101603b931e) Importer(815301076,1909f56bfc062723c751e8b465ee728b)
Number of updated assets reloaded before import = 0
Start importing Assets/Course Library/Fonts/Oswald/Oswald-Light.ttf using Guid(08117285b45064d9facc7101603b931e) Importer(815301076,1909f56bfc062723c751e8b465ee728b)  -> (artifact id: 'd8fedf077c799f224f5eff35928e5999') in 0.020428 seconds 
Number of asset objects unloaded after import = 4
========================================================================
Received Import Request.
  Time since last request: 0.000016 seconds.
  path: Assets/Course Library/Fonts/Oswald/Oswald-ExtraLight.ttf
  artifactKey: Guid(7ee88c99700f34701aa468a219257cc6) Importer(815301076,1909f56bfc062723c751e8b465ee728b)
Number of updated assets reloaded before import = 0
Start importing Assets/Course Library/Fonts/Oswald/Oswald-ExtraLight.ttf using Guid(7ee88c99700f34701aa468a219257cc6) Importer(815301076,1909f56bfc062723c751e8b465ee728b)  -> (artifact id: '6756622ea60e25fe8934763b8f3e3b81') in 0.028091 seconds 
Number of asset objects unloaded after import = 4
========================================================================
Received Import Request.
  Time since last request: 0.000019 seconds.
  path: Assets/TextMesh Pro/Fonts/LiberationSans.ttf
  artifactKey: Guid(e3265ab4bf004d28a9537516768c1c75) Importer(815301076,1909f56bfc062723c751e8b465ee728b)
Number of updated assets reloaded before import = 0
Start importing Assets/TextMesh Pro/Fonts/LiberationSans.ttf using Guid(e3265ab4bf004d28a9537516768c1c75) Importer(815301076,1909f56bfc062723c751e8b465ee728b)  -> (artifact id: 'f3bd036785823e2281556a384dd6489b') in 0.015394 seconds 
Number of asset objects unloaded after import = 4
========================================================================
Received Import Request.
  Time since last request: 0.841765 seconds.
  path: Assets/Course Library/Fonts/Oswald/Oswald-Regular.ttf
  artifactKey: Guid(4614df9ec815a45a08f109d32722f99f) Importer(815301076,1909f56bfc062723c751e8b465ee728b)
Number of updated assets reloaded before import = 0
Start importing Assets/Course Library/Fonts/Oswald/Oswald-Regular.ttf using Guid(4614df9ec815a45a08f109d32722f99f) Importer(815301076,1909f56bfc062723c751e8b465ee728b)  -> (artifact id: '256135b735ab50999b8c5315b127a0c4') in 0.029012 seconds 
Number of asset objects unloaded after import = 4
========================================================================
Received Import Request.
  Time since last request: 0.000012 seconds.
  path: Assets/Course Library/Fonts/Roboto_Condensed/RobotoCondensed-BoldItalic.ttf
  artifactKey: Guid(1f95015840ec34a00bb2a9b6ac042a92) Importer(815301076,1909f56bfc062723c751e8b465ee728b)
Number of updated assets reloaded before import = 0
Start importing Assets/Course Library/Fonts/Roboto_Condensed/RobotoCondensed-BoldItalic.ttf using Guid(1f95015840ec34a00bb2a9b6ac042a92) Importer(815301076,1909f56bfc062723c751e8b465ee728b)  -> (artifact id: 'dd739c6f0cd5267432b033b338680444') in 0.021086 seconds 
Number of asset objects unloaded after import = 4
========================================================================
Received Import Request.
  Time since last request: 0.019484 seconds.
  path: Assets/Course Library/Fonts/Roboto_Condensed/RobotoCondensed-Italic.ttf
  artifactKey: Guid(b82e4b5c85b0a4393aa73a4402059046) Importer(815301076,1909f56bfc062723c751e8b465ee728b)
Number of updated assets reloaded before import = 0
Start importing Assets/Course Library/Fonts/Roboto_Condensed/RobotoCondensed-Italic.ttf using Guid(b82e4b5c85b0a4393aa73a4402059046) Importer(815301076,1909f56bfc062723c751e8b465ee728b)  -> (artifact id: '68e3ca0163d479d1693c1f35dabadb73') in 0.017484 seconds 
Number of asset objects unloaded after import = 4
========================================================================
Received Import Request.
  Time since last request: 0.294322 seconds.
  path: Assets/Course Library/Fonts/Roboto_Condensed/RobotoCondensed-LightItalic.ttf
  artifactKey: Guid(f4dd3cb20665b475e9f5912522f21d95) Importer(815301076,1909f56bfc062723c751e8b465ee728b)
Number of updated assets reloaded before import = 0
Start importing Assets/Course Library/Fonts/Roboto_Condensed/RobotoCondensed-LightItalic.ttf using Guid(f4dd3cb20665b475e9f5912522f21d95) Importer(815301076,1909f56bfc062723c751e8b465ee728b)  -> (artifact id: 'a452bc958987c64f50a24c1b8531d9f7') in 0.027287 seconds 
Number of asset objects unloaded after import = 4
Editor requested this worker to shutdown with reason: Scaling down because of idle timeout
AssetImportWorker is now disconnected from the server
Process exiting
Exiting without the bug reporter. Application will terminate with return code 0